<?xml version="1.0" encoding="UTF-8"?>
<coverage generated="1705779384885" clover="3.2.0">
  <project timestamp="1705779384885" name="All files">
    <metrics statements="27" coveredstatements="27" conditionals="12" coveredconditionals="12" methods="8" coveredmethods="8" elements="47" coveredelements="47" complexity="0" loc="27" ncloc="27" packages="2" files="4" classes="4"/>
    <package name="helpers">
      <metrics statements="13" coveredstatements="13" conditionals="0" coveredconditionals="0" methods="6" coveredmethods="6"/>
      <file name="http-response.js" path="C:\Users\daian\OneDrive\Documentos\programacao\TDD - nodejs - Manguinho\clean-node-api-tdd\src\presentation\helpers\http-response.js">
        <metrics statements="7" coveredstatements="7" conditionals="0" coveredconditionals="0" methods="4" coveredmethods="4"/>
        <line num="1" count="1" type="stmt"/>
        <line num="2" count="1" type="stmt"/>
        <line num="4" count="1" type="stmt"/>
        <line num="6" count="2" type="stmt"/>
        <line num="13" count="4" type="stmt"/>
        <line num="19" count="1" type="stmt"/>
        <line num="26" count="2" type="stmt"/>
      </file>
      <file name="missing-params-erros.js" path="C:\Users\daian\OneDrive\Documentos\programacao\TDD - nodejs - Manguinho\clean-node-api-tdd\src\presentation\helpers\missing-params-erros.js">
        <metrics statements="3" coveredstatements="3" conditionals="0" coveredconditionals="0" methods="1" coveredmethods="1"/>
        <line num="1" count="1" type="stmt"/>
        <line num="3" count="4" type="stmt"/>
        <line num="4" count="4" type="stmt"/>
      </file>
      <file name="unauthorized-error.js" path="C:\Users\daian\OneDrive\Documentos\programacao\TDD - nodejs - Manguinho\clean-node-api-tdd\src\presentation\helpers\unauthorized-error.js">
        <metrics statements="3" coveredstatements="3" conditionals="0" coveredconditionals="0" methods="1" coveredmethods="1"/>
        <line num="1" count="1" type="stmt"/>
        <line num="3" count="2" type="stmt"/>
        <line num="4" count="2" type="stmt"/>
      </file>
    </package>
    <package name="routers">
      <metrics statements="14" coveredstatements="14" conditionals="12" coveredconditionals="12" methods="2" coveredmethods="2"/>
      <file name="login-router.js" path="C:\Users\daian\OneDrive\Documentos\programacao\TDD - nodejs - Manguinho\clean-node-api-tdd\src\presentation\routers\login-router.js">
        <metrics statements="14" coveredstatements="14" conditionals="12" coveredconditionals="12" methods="2" coveredmethods="2"/>
        <line num="1" count="1" type="stmt"/>
        <line num="2" count="1" type="stmt"/>
        <line num="4" count="9" type="stmt"/>
        <line num="8" count="9" type="cond" truecount="6" falsecount="0"/>
        <line num="9" count="4" type="stmt"/>
        <line num="12" count="5" type="stmt"/>
        <line num="14" count="5" type="cond" truecount="2" falsecount="0"/>
        <line num="15" count="1" type="stmt"/>
        <line num="18" count="4" type="cond" truecount="2" falsecount="0"/>
        <line num="19" count="1" type="stmt"/>
        <line num="22" count="3" type="stmt"/>
        <line num="23" count="3" type="cond" truecount="2" falsecount="0"/>
        <line num="24" count="1" type="stmt"/>
        <line num="27" count="2" type="stmt"/>
      </file>
    </package>
  </project>
</coverage>
