{"C:\\Users\\daian\\OneDrive\\Documentos\\programacao\\TDD - nodejs - Manguinho\\clean-node-api-tdd\\src\\presentation\\helpers\\http-response.js": {"path":"C:\\Users\\daian\\OneDrive\\Documentos\\programacao\\TDD - nodejs - Manguinho\\clean-node-api-tdd\\src\\presentation\\helpers\\http-response.js","statementMap":{"0":{"start":{"line":1,"column":26},"end":{"line":1,"column":59}},"1":{"start":{"line":2,"column":20},"end":{"line":2,"column":45}},"2":{"start":{"line":3,"column":26},"end":{"line":3,"column":57}},"3":{"start":{"line":5,"column":0},"end":{"line":33,"column":1}},"4":{"start":{"line":7,"column":4},"end":{"line":10,"column":5}},"5":{"start":{"line":14,"column":4},"end":{"line":17,"column":5}},"6":{"start":{"line":21,"column":4},"end":{"line":24,"column":5}},"7":{"start":{"line":28,"column":4},"end":{"line":31,"column":5}}},"fnMap":{"0":{"name":"(anonymous_0)","decl":{"start":{"line":6,"column":2},"end":{"line":6,"column":3}},"loc":{"start":{"line":6,"column":32},"end":{"line":11,"column":3}},"line":6},"1":{"name":"(anonymous_1)","decl":{"start":{"line":13,"column":2},"end":{"line":13,"column":3}},"loc":{"start":{"line":13,"column":24},"end":{"line":18,"column":3}},"line":13},"2":{"name":"(anonymous_2)","decl":{"start":{"line":20,"column":2},"end":{"line":20,"column":3}},"loc":{"start":{"line":20,"column":30},"end":{"line":25,"column":3}},"line":20},"3":{"name":"(anonymous_3)","decl":{"start":{"line":27,"column":2},"end":{"line":27,"column":3}},"loc":{"start":{"line":27,"column":19},"end":{"line":32,"column":3}},"line":27}},"branchMap":{},"s":{"0":1,"1":1,"2":1,"3":1,"4":2,"5":5,"6":1,"7":2},"f":{"0":2,"1":5,"2":1,"3":2},"b":{},"_coverageSchema":"43e27e138ebf9cfc5966b082cf9a028302ed4184","hash":"aa8a9842f6c18310c472314755126ceda0041f89"}
,"C:\\Users\\daian\\OneDrive\\Documentos\\programacao\\TDD - nodejs - Manguinho\\clean-node-api-tdd\\src\\presentation\\helpers\\missing-params-erros.js": {"path":"C:\\Users\\daian\\OneDrive\\Documentos\\programacao\\TDD - nodejs - Manguinho\\clean-node-api-tdd\\src\\presentation\\helpers\\missing-params-erros.js","statementMap":{"0":{"start":{"line":1,"column":0},"end":{"line":6,"column":1}},"1":{"start":{"line":3,"column":4},"end":{"line":3,"column":40}},"2":{"start":{"line":4,"column":4},"end":{"line":4,"column":35}}},"fnMap":{"0":{"name":"(anonymous_0)","decl":{"start":{"line":2,"column":2},"end":{"line":2,"column":3}},"loc":{"start":{"line":2,"column":26},"end":{"line":5,"column":3}},"line":2}},"branchMap":{},"s":{"0":1,"1":4,"2":4},"f":{"0":4},"b":{},"_coverageSchema":"43e27e138ebf9cfc5966b082cf9a028302ed4184","hash":"ba89f9e45a4b5ab2d7a00d86392c003ca27f9cc9"}
,"C:\\Users\\daian\\OneDrive\\Documentos\\programacao\\TDD - nodejs - Manguinho\\clean-node-api-tdd\\src\\presentation\\helpers\\server-error.js": {"path":"C:\\Users\\daian\\OneDrive\\Documentos\\programacao\\TDD - nodejs - Manguinho\\clean-node-api-tdd\\src\\presentation\\helpers\\server-error.js","statementMap":{"0":{"start":{"line":1,"column":0},"end":{"line":6,"column":1}},"1":{"start":{"line":3,"column":4},"end":{"line":3,"column":27}},"2":{"start":{"line":4,"column":4},"end":{"line":4,"column":29}}},"fnMap":{"0":{"name":"(anonymous_0)","decl":{"start":{"line":2,"column":2},"end":{"line":2,"column":3}},"loc":{"start":{"line":2,"column":17},"end":{"line":5,"column":3}},"line":2}},"branchMap":{},"s":{"0":1,"1":9,"2":9},"f":{"0":9},"b":{},"_coverageSchema":"43e27e138ebf9cfc5966b082cf9a028302ed4184","hash":"da59526f36282d57d321204b4a6f0e7e599a8802"}
,"C:\\Users\\daian\\OneDrive\\Documentos\\programacao\\TDD - nodejs - Manguinho\\clean-node-api-tdd\\src\\presentation\\helpers\\unauthorized-error.js": {"path":"C:\\Users\\daian\\OneDrive\\Documentos\\programacao\\TDD - nodejs - Manguinho\\clean-node-api-tdd\\src\\presentation\\helpers\\unauthorized-error.js","statementMap":{"0":{"start":{"line":1,"column":0},"end":{"line":6,"column":1}},"1":{"start":{"line":3,"column":4},"end":{"line":3,"column":25}},"2":{"start":{"line":4,"column":4},"end":{"line":4,"column":35}}},"fnMap":{"0":{"name":"(anonymous_0)","decl":{"start":{"line":2,"column":2},"end":{"line":2,"column":3}},"loc":{"start":{"line":2,"column":17},"end":{"line":5,"column":3}},"line":2}},"branchMap":{},"s":{"0":1,"1":2,"2":2},"f":{"0":2},"b":{},"_coverageSchema":"43e27e138ebf9cfc5966b082cf9a028302ed4184","hash":"fd78900c0aee43879903d5ae0af6dc8e414e4fea"}
,"C:\\Users\\daian\\OneDrive\\Documentos\\programacao\\TDD - nodejs - Manguinho\\clean-node-api-tdd\\src\\presentation\\routers\\login-router.js": {"path":"C:\\Users\\daian\\OneDrive\\Documentos\\programacao\\TDD - nodejs - Manguinho\\clean-node-api-tdd\\src\\presentation\\routers\\login-router.js","statementMap":{"0":{"start":{"line":1,"column":21},"end":{"line":1,"column":56}},"1":{"start":{"line":2,"column":0},"end":{"line":30,"column":1}},"2":{"start":{"line":4,"column":4},"end":{"line":4,"column":34}},"3":{"start":{"line":8,"column":4},"end":{"line":28,"column":5}},"4":{"start":{"line":9,"column":34},"end":{"line":9,"column":50}},"5":{"start":{"line":11,"column":6},"end":{"line":13,"column":7}},"6":{"start":{"line":12,"column":8},"end":{"line":12,"column":47}},"7":{"start":{"line":15,"column":6},"end":{"line":17,"column":7}},"8":{"start":{"line":16,"column":8},"end":{"line":16,"column":50}},"9":{"start":{"line":19,"column":26},"end":{"line":19,"column":70}},"10":{"start":{"line":20,"column":6},"end":{"line":22,"column":7}},"11":{"start":{"line":21,"column":8},"end":{"line":21,"column":47}},"12":{"start":{"line":24,"column":6},"end":{"line":24,"column":45}},"13":{"start":{"line":27,"column":6},"end":{"line":27,"column":39}}},"fnMap":{"0":{"name":"(anonymous_0)","decl":{"start":{"line":3,"column":2},"end":{"line":3,"column":3}},"loc":{"start":{"line":3,"column":28},"end":{"line":5,"column":3}},"line":3},"1":{"name":"(anonymous_1)","decl":{"start":{"line":7,"column":2},"end":{"line":7,"column":3}},"loc":{"start":{"line":7,"column":28},"end":{"line":29,"column":3}},"line":7}},"branchMap":{"0":{"loc":{"start":{"line":11,"column":6},"end":{"line":13,"column":7}},"type":"if","locations":[{"start":{"line":11,"column":6},"end":{"line":13,"column":7}},{"start":{"line":11,"column":6},"end":{"line":13,"column":7}}],"line":11},"1":{"loc":{"start":{"line":15,"column":6},"end":{"line":17,"column":7}},"type":"if","locations":[{"start":{"line":15,"column":6},"end":{"line":17,"column":7}},{"start":{"line":15,"column":6},"end":{"line":17,"column":7}}],"line":15},"2":{"loc":{"start":{"line":20,"column":6},"end":{"line":22,"column":7}},"type":"if","locations":[{"start":{"line":20,"column":6},"end":{"line":22,"column":7}},{"start":{"line":20,"column":6},"end":{"line":22,"column":7}}],"line":20}},"s":{"0":1,"1":1,"2":10,"3":10,"4":10,"5":8,"6":1,"7":7,"8":1,"9":6,"10":3,"11":1,"12":2,"13":5},"f":{"0":10,"1":10},"b":{"0":[1,7],"1":[1,6],"2":[1,2]},"_coverageSchema":"43e27e138ebf9cfc5966b082cf9a028302ed4184","hash":"a18ae31fdf6557cabdf8e7ba0cef1c9d37d21cb3"}
}
