TN:
SF:C:\Users\daian\OneDrive\Documentos\programacao\TDD - nodejs - Manguinho\clean-node-api-tdd\src\presentation\helpers\http-response.js
FN:5,(anonymous_0)
FN:12,(anonymous_1)
FN:18,(anonymous_2)
FNF:3
FNH:3
FNDA:2,(anonymous_0)
FNDA:4,(anonymous_1)
FNDA:2,(anonymous_2)
DA:1,1
DA:2,1
DA:4,1
DA:6,2
DA:13,4
DA:19,2
LF:6
LH:6
BRF:0
BRH:0
end_of_record
TN:
SF:C:\Users\daian\OneDrive\Documentos\programacao\TDD - nodejs - Manguinho\clean-node-api-tdd\src\presentation\helpers\missing-params-erros.js
FN:2,(anonymous_0)
FNF:1
FNH:1
FNDA:4,(anonymous_0)
DA:1,1
DA:3,4
DA:4,4
LF:3
LH:3
BRF:0
BRH:0
end_of_record
TN:
SF:C:\Users\daian\OneDrive\Documentos\programacao\TDD - nodejs - Manguinho\clean-node-api-tdd\src\presentation\helpers\unauthorized-error.js
FN:2,(anonymous_0)
FNF:1
FNH:1
FNDA:3,(anonymous_0)
DA:1,1
DA:3,3
DA:4,3
LF:3
LH:3
BRF:0
BRH:0
end_of_record
TN:
SF:C:\Users\daian\OneDrive\Documentos\programacao\TDD - nodejs - Manguinho\clean-node-api-tdd\src\presentation\routers\login-router.js
FN:3,(anonymous_0)
FN:7,(anonymous_1)
FNF:2
FNH:2
FNDA:8,(anonymous_0)
FNDA:8,(anonymous_1)
DA:1,1
DA:2,1
DA:4,8
DA:8,8
DA:9,4
DA:12,4
DA:14,4
DA:15,1
DA:18,3
DA:19,1
DA:22,2
DA:23,2
LF:12
LH:12
BRDA:8,0,0,4
BRDA:8,0,1,4
BRDA:8,1,0,8
BRDA:8,1,1,7
BRDA:8,1,2,6
BRDA:8,1,3,5
BRDA:14,2,0,1
BRDA:14,2,1,3
BRDA:18,3,0,1
BRDA:18,3,1,2
BRF:10
BRH:10
end_of_record
