TN:
SF:C:\Users\daian\OneDrive\Documentos\programacao\TDD - nodejs - Manguinho\clean-node-api-tdd\src\presentation\helpers\http-response.js
FN:5,(anonymous_0)
FN:12,(anonymous_1)
FN:18,(anonymous_2)
FN:25,(anonymous_3)
FNF:4
FNH:4
FNDA:2,(anonymous_0)
FNDA:4,(anonymous_1)
FNDA:1,(anonymous_2)
FNDA:2,(anonymous_3)
DA:1,1
DA:2,1
DA:4,1
DA:6,2
DA:13,4
DA:19,1
DA:26,2
LF:7
LH:7
BRF:0
BRH:0
end_of_record
TN:
SF:C:\Users\daian\OneDrive\Documentos\programacao\TDD - nodejs - Manguinho\clean-node-api-tdd\src\presentation\helpers\missing-params-erros.js
FN:2,(anonymous_0)
FNF:1
FNH:1
FNDA:4,(anonymous_0)
DA:1,1
DA:3,4
DA:4,4
LF:3
LH:3
BRF:0
BRH:0
end_of_record
TN:
SF:C:\Users\daian\OneDrive\Documentos\programacao\TDD - nodejs - Manguinho\clean-node-api-tdd\src\presentation\helpers\unauthorized-error.js
FN:2,(anonymous_0)
FNF:1
FNH:1
FNDA:2,(anonymous_0)
DA:1,1
DA:3,2
DA:4,2
LF:3
LH:3
BRF:0
BRH:0
end_of_record
TN:
SF:C:\Users\daian\OneDrive\Documentos\programacao\TDD - nodejs - Manguinho\clean-node-api-tdd\src\presentation\routers\login-router.js
FN:3,(anonymous_0)
FN:7,(anonymous_1)
FNF:2
FNH:2
FNDA:9,(anonymous_0)
FNDA:9,(anonymous_1)
DA:1,1
DA:2,1
DA:4,9
DA:8,9
DA:9,4
DA:12,5
DA:14,5
DA:15,1
DA:18,4
DA:19,1
DA:22,3
DA:23,3
DA:24,1
DA:27,2
LF:14
LH:14
BRDA:8,0,0,4
BRDA:8,0,1,5
BRDA:8,1,0,9
BRDA:8,1,1,8
BRDA:8,1,2,7
BRDA:8,1,3,6
BRDA:14,2,0,1
BRDA:14,2,1,4
BRDA:18,3,0,1
BRDA:18,3,1,3
BRDA:23,4,0,1
BRDA:23,4,1,2
BRF:12
BRH:12
end_of_record
